
ROM used:   1705/8192 (21%)
            1705/8192 (21%) including unused fragments

            0.5 Average locations per line
            3.2 Average locations per statement

RAM used:   49/368 (13%) at main() level
            69/368 (19%) worst case

Stack used: 7 worst case (5 in main + 2 for interrupts)
Stack size: 8

Lines Stmts  %   Files
----- ----- ---  -----
  214   145  27  main.c
   27     0   0  main.h
  707     0   0  C:\Program Files (x86)\PICC\Devices\16F877A.h
  282    94  18  lcd.h
 2228   258  48  C:\Program Files (x86)\PICC\Drivers\math.h
   57    37   7  DHT11.H
----- -----
 3515   534 Total

Page ROM  %  RAM    Vol Diff  Functions:
---- --- --- ---    --- ----  ----------
0     20   1    1             @delay_ms2
0      8   0    0             @const868
0     58   3    2    594  4.3  lcd_init
 Inline         3    620  3.8  lcd_read_byte
0     49   3    2    204  3.2  lcd_read_nibble
0     87   5    3    313  3.4  lcd_send_byte
0     46   3    1    336  1.9  lcd_send_nibble
0     35   2    4    335  5.5  lcd_gotoxy
0     36   2    1    272  4.1  lcd_putc
0      8   0    0     47  1.5  lcd_clear
0      5   0    0     30  1.3  lcd_line_1
0      6   0    0     30  1.3  lcd_line_2
0     20   1    1             @delay_ms3
 Inline        19   1480  9.9  DHT_GetTemHumi
0     22   1    1    140  3.5  _NgatRB
0    684  40   25   5540  9.0  MAIN
0      4   0    0             @const906
0     13   1    1             @SPRINTF
0     86   5    4             @PSTRINGC7_860
0      8   0    0             @const911
0      5   0    0             @const912
0     87   5    5             @PSTRINGCN7_907
0     21   1    3             @DIV88
0     53   3    2             @PRINTF_U_907
0     22   1    2             @PSTRINGR_860
0     87   5    6             @PRINTF_D_860
0      5   0    0             @const927
0      8   0    0             @const930
0      8   0    0             @const931
0      6   0    0             @const932
0     87   5    5             @PSTRINGCN7_860
0      8   0    0             @const935
0      6   0    0             @const936
0      8   0    0             @const937
0      6   0    0             @const938
0      8   0    0             @const939
0      6   0    0             @const940
 Inline         0             @cinit1

Program metrics:
    Functions               13
    Statements              534
    Comments                571
    Volume (V)              13863
    Difficulty (D)          52.7
    Effort to implement (E) 730644
    Time to implement (T)   11 hours, 17 minutes
    Est Delivered Bugs (B)  3
    Cyclomatic Complexity   37
    Maintainability (MI)    37

 Segment     Used  Free
-----------  ----  ----
00000-00003     4  0  
00004-0004E    75  0  
0004F-007FF  1626  343  
00800-00FFF     0  2048  
01000-017FF     0  2048  
01800-01FFF     0  2048  



